<html>
<body>
<pre>
<h1>Vision Build Log</h1>
<h2>Project:</h2>
E:\汪魁工作档案\工作目录\设计资料\研制类产品\MCU\32F103\3 软件\DeBug\hhd32f103_Library_release20170702\Library\HHD32F1xx_examples\32F103_TEST（slave）\demo.uvproj
Project File Date:  06/30/2017

<h2>Output:</h2>
Rebuild target 'Run In Flash'
compiling core_cm3.c...
compiling system_HHD32F1xx.c...
assembling startup_HHD32F1xx_s.s...
compiling hhd_adc.c...
compiling hhd_gpio.c...
compiling hhd_iic.c...
..\..\HHD32F1xx_library\Drivers\source\hhd_iic.c(470): warning:  #177-D: variable "temp" was declared but never referenced
..\..\HHD32F1xx_library\Drivers\source\hhd_iic.c(1234): warning:  #177-D: variable "i" was declared but never referenced
compiling hhd_spi.c...
compiling hhd_sys.c...
compiling hhd_uart.c...
compiling main.c...
.\myapp\inc\delay.h(3): error:  #5: cannot open source input file "g32f1xx.h": No such file or directory
Target not created
Rebuild target 'Run In Flash'
compiling core_cm3.c...
compiling system_HHD32F1xx.c...
assembling startup_HHD32F1xx_s.s...
compiling hhd_adc.c...
compiling hhd_gpio.c...
compiling hhd_iic.c...
..\..\HHD32F1xx_library\Drivers\source\hhd_iic.c(470): warning:  #177-D: variable "temp" was declared but never referenced
..\..\HHD32F1xx_library\Drivers\source\hhd_iic.c(1234): warning:  #177-D: variable "i" was declared but never referenced
compiling hhd_spi.c...
compiling hhd_sys.c...
compiling hhd_uart.c...
compiling main.c...
.\myapp\inc\delay.h(3): error:  #5: cannot open source input file "g32f1xx.h": No such file or directory
Target not created
Rebuild target 'Run In Flash'
compiling core_cm3.c...
compiling system_HHD32F1xx.c...
assembling startup_HHD32F1xx_s.s...
compiling hhd_adc.c...
compiling hhd_gpio.c...
compiling hhd_iic.c...
..\..\HHD32F1xx_library\Drivers\source\hhd_iic.c(470): warning:  #177-D: variable "temp" was declared but never referenced
..\..\HHD32F1xx_library\Drivers\source\hhd_iic.c(1234): warning:  #177-D: variable "i" was declared but never referenced
compiling hhd_spi.c...
compiling hhd_sys.c...
compiling hhd_uart.c...
compiling main.c...
myapp\src\main.c(61): error:  #20: identifier "G32F_ADC_TypeDef" is undefined
myapp\src\main.c(88): warning:  #177-D: variable "i" was declared but never referenced
myapp\src\main.c(384): warning:  #61-D: integer operation result is out of range
myapp\src\main.c(516): error:  #20: identifier "G32F_ADC_TypeDef" is undefined
myapp\src\main.c(757): warning:  #177-D: variable "datalen" was declared but never referenced
myapp\src\main.c(786): warning:  #177-D: variable "datalen" was declared but never referenced
myapp\src\main.c(815): warning:  #177-D: variable "datalen" was declared but never referenced
myapp\src\main.c(1100): warning:  #177-D: variable "rdata" was declared but never referenced
myapp\src\main.c(1100): warning:  #177-D: variable "temp" was declared but never referenced
myapp\src\main.c(1101): warning:  #177-D: variable "i" was declared but never referenced
myapp\src\main.c(1216): warning:  #177-D: variable "temp" was declared but never referenced
myapp\src\main.c(1218): warning:  #177-D: variable "arry" was declared but never referenced
Target not created
Rebuild target 'Run In Flash'
compiling core_cm3.c...
compiling system_HHD32F1xx.c...
assembling startup_HHD32F1xx_s.s...
compiling hhd_adc.c...
compiling hhd_gpio.c...
compiling hhd_iic.c...
..\..\HHD32F1xx_library\Drivers\source\hhd_iic.c(470): warning:  #177-D: variable "temp" was declared but never referenced
..\..\HHD32F1xx_library\Drivers\source\hhd_iic.c(1234): warning:  #177-D: variable "i" was declared but never referenced
compiling hhd_spi.c...
compiling hhd_sys.c...
compiling hhd_uart.c...
compiling main.c...
myapp\src\main.c(88): warning:  #177-D: variable "i" was declared but never referenced
myapp\src\main.c(384): warning:  #61-D: integer operation result is out of range
myapp\src\main.c(516): error:  #20: identifier "G32F_ADC_TypeDef" is undefined
myapp\src\main.c(757): warning:  #177-D: variable "datalen" was declared but never referenced
myapp\src\main.c(786): warning:  #177-D: variable "datalen" was declared but never referenced
myapp\src\main.c(815): warning:  #177-D: variable "datalen" was declared but never referenced
myapp\src\main.c(1100): warning:  #177-D: variable "rdata" was declared but never referenced
myapp\src\main.c(1100): warning:  #177-D: variable "temp" was declared but never referenced
myapp\src\main.c(1101): warning:  #177-D: variable "i" was declared but never referenced
myapp\src\main.c(1216): warning:  #177-D: variable "temp" was declared but never referenced
myapp\src\main.c(1218): warning:  #177-D: variable "arry" was declared but never referenced
Target not created
Rebuild target 'Run In Flash'
compiling core_cm3.c...
compiling system_HHD32F1xx.c...
assembling startup_HHD32F1xx_s.s...
compiling hhd_adc.c...
compiling hhd_gpio.c...
compiling hhd_iic.c...
..\..\HHD32F1xx_library\Drivers\source\hhd_iic.c(470): warning:  #177-D: variable "temp" was declared but never referenced
..\..\HHD32F1xx_library\Drivers\source\hhd_iic.c(1234): warning:  #177-D: variable "i" was declared but never referenced
compiling hhd_spi.c...
compiling hhd_sys.c...
compiling hhd_uart.c...
compiling main.c...
myapp\src\main.c(88): warning:  #177-D: variable "i" was declared but never referenced
myapp\src\main.c(384): warning:  #61-D: integer operation result is out of range
myapp\src\main.c(757): warning:  #177-D: variable "datalen" was declared but never referenced
myapp\src\main.c(786): warning:  #177-D: variable "datalen" was declared but never referenced
myapp\src\main.c(815): warning:  #177-D: variable "datalen" was declared but never referenced
myapp\src\main.c(1100): warning:  #177-D: variable "rdata" was declared but never referenced
myapp\src\main.c(1100): warning:  #177-D: variable "temp" was declared but never referenced
myapp\src\main.c(1101): warning:  #177-D: variable "i" was declared but never referenced
myapp\src\main.c(1216): warning:  #177-D: variable "temp" was declared but never referenced
myapp\src\main.c(1218): warning:  #177-D: variable "arry" was declared but never referenced
linking...
.\myapp\obj\demo.axf: Error: L6218E: Undefined symbol delay_us (referred from main.o).
Target not created
Rebuild target 'Run In Flash'
compiling core_cm3.c...
compiling system_HHD32F1xx.c...
assembling startup_HHD32F1xx_s.s...
compiling hhd_adc.c...
compiling hhd_gpio.c...
compiling hhd_iic.c...
..\..\HHD32F1xx_library\Drivers\source\hhd_iic.c(470): warning:  #177-D: variable "temp" was declared but never referenced
..\..\HHD32F1xx_library\Drivers\source\hhd_iic.c(1234): warning:  #177-D: variable "i" was declared but never referenced
compiling hhd_spi.c...
compiling hhd_sys.c...
compiling hhd_uart.c...
compiling main.c...
myapp\src\main.c(88): warning:  #177-D: variable "i" was declared but never referenced
myapp\src\main.c(384): warning:  #61-D: integer operation result is out of range
myapp\src\main.c(757): warning:  #177-D: variable "datalen" was declared but never referenced
myapp\src\main.c(786): warning:  #177-D: variable "datalen" was declared but never referenced
myapp\src\main.c(815): warning:  #177-D: variable "datalen" was declared but never referenced
myapp\src\main.c(1100): warning:  #177-D: variable "rdata" was declared but never referenced
myapp\src\main.c(1100): warning:  #177-D: variable "temp" was declared but never referenced
myapp\src\main.c(1101): warning:  #177-D: variable "i" was declared but never referenced
myapp\src\main.c(1216): warning:  #177-D: variable "temp" was declared but never referenced
myapp\src\main.c(1218): warning:  #177-D: variable "arry" was declared but never referenced
linking...
.\myapp\obj\demo.axf: Error: L6218E: Undefined symbol delay_us (referred from main.o).
Target not created
Rebuild target 'Run In Flash'
compiling core_cm3.c...
compiling system_HHD32F1xx.c...
assembling startup_HHD32F1xx_s.s...
compiling hhd_adc.c...
compiling hhd_gpio.c...
compiling hhd_iic.c...
..\..\HHD32F1xx_library\Drivers\source\hhd_iic.c(470): warning:  #177-D: variable "temp" was declared but never referenced
..\..\HHD32F1xx_library\Drivers\source\hhd_iic.c(1234): warning:  #177-D: variable "i" was declared but never referenced
compiling hhd_spi.c...
compiling hhd_sys.c...
compiling hhd_uart.c...
compiling main.c...
myapp\src\main.c(88): warning:  #177-D: variable "i" was declared but never referenced
myapp\src\main.c(384): warning:  #61-D: integer operation result is out of range
myapp\src\main.c(395): warning:  #223-D: function "delay_us" declared implicitly
myapp\src\main.c(731): warning:  #223-D: function "delay_us" declared implicitly
myapp\src\main.c(757): warning:  #177-D: variable "datalen" was declared but never referenced
myapp\src\main.c(786): warning:  #177-D: variable "datalen" was declared but never referenced
myapp\src\main.c(815): warning:  #177-D: variable "datalen" was declared but never referenced
myapp\src\main.c(1100): warning:  #177-D: variable "rdata" was declared but never referenced
myapp\src\main.c(1100): warning:  #177-D: variable "temp" was declared but never referenced
myapp\src\main.c(1101): warning:  #177-D: variable "i" was declared but never referenced
myapp\src\main.c(1216): warning:  #177-D: variable "temp" was declared but never referenced
myapp\src\main.c(1218): warning:  #177-D: variable "arry" was declared but never referenced
linking...
.\myapp\obj\demo.axf: Error: L6218E: Undefined symbol delay_us (referred from main.o).
Target not created
Rebuild target 'Run In Flash'
compiling core_cm3.c...
compiling system_HHD32F1xx.c...
assembling startup_HHD32F1xx_s.s...
compiling hhd_adc.c...
compiling hhd_gpio.c...
compiling hhd_iic.c...
..\..\HHD32F1xx_library\Drivers\source\hhd_iic.c(470): warning:  #177-D: variable "temp" was declared but never referenced
..\..\HHD32F1xx_library\Drivers\source\hhd_iic.c(1234): warning:  #177-D: variable "i" was declared but never referenced
compiling hhd_spi.c...
compiling hhd_sys.c...
compiling hhd_uart.c...
compiling main.c...
myapp\src\main.c(88): warning:  #177-D: variable "i" was declared but never referenced
myapp\src\main.c(384): warning:  #61-D: integer operation result is out of range
myapp\src\main.c(731): warning:  #223-D: function "delay_us" declared implicitly
myapp\src\main.c(757): warning:  #177-D: variable "datalen" was declared but never referenced
myapp\src\main.c(786): warning:  #177-D: variable "datalen" was declared but never referenced
myapp\src\main.c(815): warning:  #177-D: variable "datalen" was declared but never referenced
myapp\src\main.c(1100): warning:  #177-D: variable "rdata" was declared but never referenced
myapp\src\main.c(1100): warning:  #177-D: variable "temp" was declared but never referenced
myapp\src\main.c(1101): warning:  #177-D: variable "i" was declared but never referenced
myapp\src\main.c(1216): warning:  #177-D: variable "temp" was declared but never referenced
myapp\src\main.c(1218): warning:  #177-D: variable "arry" was declared but never referenced
linking...
.\myapp\obj\demo.axf: Error: L6218E: Undefined symbol delay_us (referred from main.o).
Target not created
Rebuild target 'Run In Flash'
compiling core_cm3.c...
compiling system_HHD32F1xx.c...
assembling startup_HHD32F1xx_s.s...
compiling hhd_adc.c...
compiling hhd_gpio.c...
compiling hhd_iic.c...
..\..\HHD32F1xx_library\Drivers\source\hhd_iic.c(470): warning:  #177-D: variable "temp" was declared but never referenced
..\..\HHD32F1xx_library\Drivers\source\hhd_iic.c(1234): warning:  #177-D: variable "i" was declared but never referenced
compiling hhd_spi.c...
compiling hhd_sys.c...
compiling hhd_uart.c...
compiling main.c...
myapp\src\main.c(88): warning:  #177-D: variable "i" was declared but never referenced
myapp\src\main.c(384): warning:  #61-D: integer operation result is out of range
myapp\src\main.c(731): warning:  #223-D: function "delay_us" declared implicitly
myapp\src\main.c(757): warning:  #177-D: variable "datalen" was declared but never referenced
myapp\src\main.c(786): warning:  #177-D: variable "datalen" was declared but never referenced
myapp\src\main.c(815): warning:  #177-D: variable "datalen" was declared but never referenced
myapp\src\main.c(1100): warning:  #177-D: variable "rdata" was declared but never referenced
myapp\src\main.c(1100): warning:  #177-D: variable "temp" was declared but never referenced
myapp\src\main.c(1101): warning:  #177-D: variable "i" was declared but never referenced
myapp\src\main.c(1216): warning:  #177-D: variable "temp" was declared but never referenced
myapp\src\main.c(1218): warning:  #177-D: variable "arry" was declared but never referenced
linking...
.\myapp\obj\demo.axf: Error: L6218E: Undefined symbol delay_us (referred from main.o).
Target not created
Rebuild target 'Run In Flash'
compiling core_cm3.c...
compiling system_HHD32F1xx.c...
assembling startup_HHD32F1xx_s.s...
compiling hhd_adc.c...
compiling hhd_gpio.c...
compiling hhd_iic.c...
..\..\HHD32F1xx_library\Drivers\source\hhd_iic.c(470): warning:  #177-D: variable "temp" was declared but never referenced
..\..\HHD32F1xx_library\Drivers\source\hhd_iic.c(1234): warning:  #177-D: variable "i" was declared but never referenced
compiling hhd_spi.c...
compiling hhd_sys.c...
compiling hhd_uart.c...
compiling main.c...
myapp\src\main.c(88): warning:  #177-D: variable "i" was declared but never referenced
myapp\src\main.c(384): warning:  #61-D: integer operation result is out of range
myapp\src\main.c(731): warning:  #223-D: function "delay_us" declared implicitly
myapp\src\main.c(757): warning:  #177-D: variable "datalen" was declared but never referenced
myapp\src\main.c(786): warning:  #177-D: variable "datalen" was declared but never referenced
myapp\src\main.c(815): warning:  #177-D: variable "datalen" was declared but never referenced
myapp\src\main.c(1100): warning:  #177-D: variable "rdata" was declared but never referenced
myapp\src\main.c(1100): warning:  #177-D: variable "temp" was declared but never referenced
myapp\src\main.c(1101): warning:  #177-D: variable "i" was declared but never referenced
myapp\src\main.c(1216): warning:  #177-D: variable "temp" was declared but never referenced
myapp\src\main.c(1218): warning:  #177-D: variable "arry" was declared but never referenced
linking...
.\myapp\obj\demo.axf: Error: L6218E: Undefined symbol delay_us (referred from main.o).
Target not created
Rebuild target 'Run In Flash'
compiling core_cm3.c...
compiling system_HHD32F1xx.c...
assembling startup_HHD32F1xx_s.s...
compiling hhd_adc.c...
compiling hhd_gpio.c...
compiling hhd_iic.c...
..\..\HHD32F1xx_library\Drivers\source\hhd_iic.c(470): warning:  #177-D: variable "temp" was declared but never referenced
..\..\HHD32F1xx_library\Drivers\source\hhd_iic.c(1234): warning:  #177-D: variable "i" was declared but never referenced
compiling hhd_spi.c...
compiling hhd_sys.c...
compiling hhd_uart.c...
compiling main.c...
myapp\src\main.c(88): warning:  #177-D: variable "i" was declared but never referenced
myapp\src\main.c(384): warning:  #61-D: integer operation result is out of range
myapp\src\main.c(731): warning:  #223-D: function "delay_us" declared implicitly
myapp\src\main.c(757): warning:  #177-D: variable "datalen" was declared but never referenced
myapp\src\main.c(786): warning:  #177-D: variable "datalen" was declared but never referenced
myapp\src\main.c(815): warning:  #177-D: variable "datalen" was declared but never referenced
myapp\src\main.c(1100): warning:  #177-D: variable "rdata" was declared but never referenced
myapp\src\main.c(1100): warning:  #177-D: variable "temp" was declared but never referenced
myapp\src\main.c(1101): warning:  #177-D: variable "i" was declared but never referenced
myapp\src\main.c(1216): warning:  #177-D: variable "temp" was declared but never referenced
myapp\src\main.c(1218): warning:  #177-D: variable "arry" was declared but never referenced
linking...
.\myapp\obj\demo.axf: Error: L6218E: Undefined symbol delay_us (referred from main.o).
Target not created
Rebuild target 'Run In Flash'
compiling core_cm3.c...
compiling system_HHD32F1xx.c...
assembling startup_HHD32F1xx_s.s...
compiling hhd_adc.c...
compiling hhd_gpio.c...
compiling hhd_iic.c...
..\..\HHD32F1xx_library\Drivers\source\hhd_iic.c(470): warning:  #177-D: variable "temp" was declared but never referenced
..\..\HHD32F1xx_library\Drivers\source\hhd_iic.c(1234): warning:  #177-D: variable "i" was declared but never referenced
compiling hhd_spi.c...
compiling hhd_sys.c...
compiling hhd_uart.c...
compiling main.c...
myapp\src\main.c(88): warning:  #177-D: variable "i" was declared but never referenced
myapp\src\main.c(384): warning:  #61-D: integer operation result is out of range
myapp\src\main.c(757): warning:  #177-D: variable "datalen" was declared but never referenced
myapp\src\main.c(786): warning:  #177-D: variable "datalen" was declared but never referenced
myapp\src\main.c(815): warning:  #177-D: variable "datalen" was declared but never referenced
myapp\src\main.c(1100): warning:  #177-D: variable "rdata" was declared but never referenced
myapp\src\main.c(1100): warning:  #177-D: variable "temp" was declared but never referenced
myapp\src\main.c(1101): warning:  #177-D: variable "i" was declared but never referenced
myapp\src\main.c(1216): warning:  #177-D: variable "temp" was declared but never referenced
myapp\src\main.c(1218): warning:  #177-D: variable "arry" was declared but never referenced
linking...
Program Size: Code=10948 RO-data=340 RW-data=44 ZI-data=1292  
FromELF: creating hex file...
".\myapp\obj\demo.axf" - 0 Error(s), 12 Warning(s).
