<html>
<body>
<pre>
<h1>Vision Build Log</h1>
<h2>Project:</h2>
E:\汪魁工作档案\工作目录\设计资料\研制类产品\MCU\32F103\3 软件\DeBug\hhd32f103_Library_release20170702\Library\HHD32F1xx_examples\WatchDog\demo.uvproj
Project File Date:  12/06/2015

<h2>Output:</h2>
Rebuild target 'Run In RAM'
compiling core_cm3.c...
compiling system_HHD32F1xx.c...
assembling startup_HHD32F1xx_s.s...
compiling hhd_sys.c...
compiling hhd_wdt.c...
..\..\HHD32F1xx_library\Drivers\source\hhd_wdt.c(31): error:  #136: struct "SYSAPB1CLKCTRL_BITS" has no field "WWDT"
..\..\HHD32F1xx_library\Drivers\source\hhd_wdt.c(49): error:  #136: struct "SYSAPB1CLKCTRL_BITS" has no field "WWDT"
compiling main.c...
Target not created
Rebuild target 'Run In RAM'
compiling core_cm3.c...
compiling system_HHD32F1xx.c...
assembling startup_HHD32F1xx_s.s...
compiling hhd_sys.c...
compiling hhd_wdt.c...
..\..\HHD32F1xx_library\Drivers\source\hhd_wdt.c(49): error:  #136: struct "SYSAPB1CLKCTRL_BITS" has no field "WWDT"
compiling main.c...
Target not created
Rebuild target 'Run In RAM'
compiling core_cm3.c...
compiling system_HHD32F1xx.c...
assembling startup_HHD32F1xx_s.s...
compiling hhd_sys.c...
compiling hhd_wdt.c...
compiling main.c...
linking...
Program Size: Code=2488 RO-data=340 RW-data=16 ZI-data=1632  
".\myapp\obj\demo.axf" - 0 Error(s), 0 Warning(s).
